craco:  *** Cannot find ESLint plugin (ESLintWebpackPlugin). ***
Webpack config: {
  target: [ 'browserslist' ],
  mode: 'development',
  bail: false,
  devtool: 'cheap-module-source-map',
  entry: {
    main: '/Users/nikhil.thorat/Code/mlflow-corey/mlflow/server/js/src/index.tsx',
    'ml-model-trace-renderer': '/Users/nikhil.thorat/Code/mlflow-corey/mlflow/server/js/src/shared/web-shared/model-trace-explorer/oss-notebook-renderer/index.ts'
  },
  output: {
    path: '/Users/nikhil.thorat/Code/mlflow-corey/mlflow/server/js/build',
    pathinfo: true,
    filename: [Function: filename],
    chunkFilename: [Function: chunkFilename],
    assetModuleFilename: 'static/media/[name].[hash][ext]',
    publicPath: 'static-files/',
    devtoolModuleFilenameTemplate: [Function (anonymous)]
  },
  cache: {
    type: 'filesystem',
    version: '12ab1a5b803eb7dbfce64a8c2818a961',
    cacheDirectory: '/Users/nikhil.thorat/Code/mlflow-corey/mlflow/server/js/node_modules/.cache',
    store: 'pack',
    buildDependencies: { defaultWebpack: [Array], config: [Array], tsconfig: [Array] }
  },
  infrastructureLogging: { level: 'none' },
  optimization: {
    minimize: false,
    minimizer: [ [TerserPlugin], [CssMinimizerPlugin] ]
  },
  resolve: {
    modules: [
      'node_modules',
      '/Users/nikhil.thorat/Code/mlflow-corey/mlflow/server/js/node_modules'
    ],
    extensions: [
      '.web.mjs', '.mjs',
      '.web.js',  '.js',
      '.web.ts',  '.ts',
      '.web.tsx', '.tsx',
      '.json',    '.web.jsx',
      '.jsx',     '.ts',
      '.tsx'
    ],
    alias: {
      'react-native': 'react-native-web',
      'react/jsx-runtime.js': '/Users/nikhil.thorat/Code/mlflow-corey/mlflow/server/js/node_modules/react/jsx-runtime.js',
      'react/jsx-dev-runtime.js': '/Users/nikhil.thorat/Code/mlflow-corey/mlflow/server/js/node_modules/react/jsx-dev-runtime.js'
    },
    plugins: [ [TsconfigPathsPlugin], [ModuleScopePlugin] ],
    fallback: {
      stream: '/Users/nikhil.thorat/Code/mlflow-corey/mlflow/server/js/node_modules/stream-browserify/index.js'
    }
  },
  module: {
    strictExportPresence: true,
    rules: [ [Object], [Object], [Object] ]
  },
  plugins: [
    EnvironmentPlugin { keys: [Array], defaultValues: [Object] },
    HtmlWebpackPlugin {
      userOptions: [Object],
      version: 5,
      options: [Object]
    },
    InterpolateHtmlPlugin {
      htmlWebpackPlugin: [Function],
      replacements: [Object]
    },
    ModuleNotFoundPlugin {
      appPath: '/Users/nikhil.thorat/Code/mlflow-corey/mlflow/server/js',
      yarnLockFile: undefined,
      useYarnCommand: [Function: bound useYarnCommand],
      getRelativePath: [Function: bound getRelativePath],
      prettierError: [Function: bound prettierError]
    },
    DefinePlugin { definitions: [Object] },
    ReactRefreshPlugin { options: [Object] },
    CaseSensitivePathsPlugin {
      options: {},
      logger: [Object [console]],
      pathCache: Map(0) {},
      fsOperations: 0,
      primed: false
    },
    WebpackManifestPlugin { options: [Object] },
    IgnorePlugin {
      options: [Object],
      checkIgnore: [Function: bound checkIgnore]
    },
    ForkTsCheckerWebpackPlugin { options: [Object] },
    HtmlWebpackPlugin {
      userOptions: [Object],
      version: 5,
      options: [Object]
    }
  ],
  performance: false
}
[HPM] Proxy created: /ajax-api  -> http://localhost:5000/
[HPM] Proxy created: /graphql  -> http://localhost:5000/
[HPM] Proxy created: /get-artifact  -> http://localhost:5000/
[HPM] Proxy created: /model-versions/get-artifact  -> http://localhost:5000/
(node:84668) [DEP_WEBPACK_DEV_SERVER_ON_AFTER_SETUP_MIDDLEWARE] DeprecationWarning: 'onAfterSetupMiddleware' option is deprecated. Please use the 'setupMiddlewares' option.
(Use `node --trace-deprecation ...` to show where the warning was created)
(node:84668) [DEP_WEBPACK_DEV_SERVER_ON_BEFORE_SETUP_MIDDLEWARE] DeprecationWarning: 'onBeforeSetupMiddleware' option is deprecated. Please use the 'setupMiddlewares' option.
Starting the development server...

(node:84668) [DEP0060] DeprecationWarning: The `util._extend` API is deprecated. Please use Object.assign() instead.
Compiled with warnings.

Failed to parse source map from '/Users/nikhil.thorat/Code/mlflow-corey/mlflow/server/js/node_modules/@ag-grid-community/client-side-row-model/src/clientSideRowModel/clientSideNodeManager.ts' file: Error: ENOENT: no such file or directory, open '/Users/nikhil.thorat/Code/mlflow-corey/mlflow/server/js/node_modules/@ag-grid-community/client-side-row-model/src/clientSideRowModel/clientSideNodeManager.ts'

Failed to parse source map from '/Users/nikhil.thorat/Code/mlflow-corey/mlflow/server/js/node_modules/@ag-grid-community/client-side-row-model/src/clientSideRowModel/clientSideRowModel.ts' file: Error: ENOENT: no such file or directory, open '/Users/nikhil.thorat/Code/mlflow-corey/mlflow/server/js/node_modules/@ag-grid-community/client-side-row-model/src/clientSideRowModel/clientSideRowModel.ts'

Failed to parse source map from '/Users/nikhil.thorat/Code/mlflow-corey/mlflow/server/js/node_modules/@ag-grid-community/client-side-row-model/src/clientSideRowModel/filterService.ts' file: Error: ENOENT: no such file or directory, open '/Users/nikhil.thorat/Code/mlflow-corey/mlflow/server/js/node_modules/@ag-grid-community/client-side-row-model/src/clientSideRowModel/filterService.ts'

Failed to parse source map from '/Users/nikhil.thorat/Code/mlflow-corey/mlflow/server/js/node_modules/@ag-grid-community/client-side-row-model/src/clientSideRowModel/filterStage.ts' file: Error: ENOENT: no such file or directory, open '/Users/nikhil.thorat/Code/mlflow-corey/mlflow/server/js/node_modules/@ag-grid-community/client-side-row-model/src/clientSideRowModel/filterStage.ts'

Failed to parse source map from '/Users/nikhil.thorat/Code/mlflow-corey/mlflow/server/js/node_modules/@ag-grid-community/client-side-row-model/src/clientSideRowModel/flattenStage.ts' file: Error: ENOENT: no such file or directory, open '/Users/nikhil.thorat/Code/mlflow-corey/mlflow/server/js/node_modules/@ag-grid-community/client-side-row-model/src/clientSideRowModel/flattenStage.ts'

Failed to parse source map from '/Users/nikhil.thorat/Code/mlflow-corey/mlflow/server/js/node_modules/@ag-grid-community/client-side-row-model/src/clientSideRowModel/immutableService.ts' file: Error: ENOENT: no such file or directory, open '/Users/nikhil.thorat/Code/mlflow-corey/mlflow/server/js/node_modules/@ag-grid-community/client-side-row-model/src/clientSideRowModel/immutableService.ts'

Failed to parse source map from '/Users/nikhil.thorat/Code/mlflow-corey/mlflow/server/js/node_modules/@ag-grid-community/client-side-row-model/src/clientSideRowModel/sortService.ts' file: Error: ENOENT: no such file or directory, open '/Users/nikhil.thorat/Code/mlflow-corey/mlflow/server/js/node_modules/@ag-grid-community/client-side-row-model/src/clientSideRowModel/sortService.ts'

Failed to parse source map from '/Users/nikhil.thorat/Code/mlflow-corey/mlflow/server/js/node_modules/@ag-grid-community/client-side-row-model/src/clientSideRowModel/sortStage.ts' file: Error: ENOENT: no such file or directory, open '/Users/nikhil.thorat/Code/mlflow-corey/mlflow/server/js/node_modules/@ag-grid-community/client-side-row-model/src/clientSideRowModel/sortStage.ts'

Failed to parse source map from '/Users/nikhil.thorat/Code/mlflow-corey/mlflow/server/js/node_modules/@ag-grid-community/client-side-row-model/src/clientSideRowModelModule.ts' file: Error: ENOENT: no such file or directory, open '/Users/nikhil.thorat/Code/mlflow-corey/mlflow/server/js/node_modules/@ag-grid-community/client-side-row-model/src/clientSideRowModelModule.ts'

Failed to parse source map from '/Users/nikhil.thorat/Code/mlflow-corey/mlflow/server/js/node_modules/@ag-grid-community/client-side-row-model/src/main.ts' file: Error: ENOENT: no such file or directory, open '/Users/nikhil.thorat/Code/mlflow-corey/mlflow/server/js/node_modules/@ag-grid-community/client-side-row-model/src/main.ts'

Search for the keywords to learn more about each warning.
To ignore, add // eslint-disable-next-line to the line before.

assets by path static/js/*.js 59.5 MiB
  assets by chunk 39.3 MiB (id hint: vendors)
    asset static/js/vendors-node_modules_invariant_browser_js-node_modules_plotly_js_lib_index_js-node_modules_ta-df76ad.8cad1eb0.chunk.js 9.51 MiB [emitted] [immutable] (id hint: vendors) 1 related asset
    asset static/js/vendors-node_modules_react-plotly_js_react-plotly_js.808527e7.chunk.js 9.21 MiB [emitted] [immutable] (id hint: vendors) 1 related asset
    + 17 assets
  + 59 assets
assets by path static/media/ 2.4 MiB
  assets by path static/media/*.svg 517 KiB 16 assets
  + 5 assets
assets by path lib/notebook-trace-renderer/ 381 KiB
  asset lib/notebook-trace-renderer/js/ml-model-trace-renderer.899505501546062cf954.js 381 KiB [emitted] [immutable] (name: ml-model-trace-renderer) 1 related asset
  asset lib/notebook-trace-renderer/index.html 208 bytes [emitted]
asset asset-manifest.json 38.7 KiB [emitted]
asset index.html 901 bytes [emitted]
cached modules 45.2 MiB (javascript) 2.48 MiB (asset) [cached] 7813 modules
runtime modules 79 KiB 37 modules

WARNING in ./node_modules/@ag-grid-community/client-side-row-model/dist/esm/es5/clientSideRowModel/clientSideNodeManager.js
Module Warning (from ./node_modules/source-map-loader/dist/cjs.js):
Failed to parse source map from '/Users/nikhil.thorat/Code/mlflow-corey/mlflow/server/js/node_modules/@ag-grid-community/client-side-row-model/src/clientSideRowModel/clientSideNodeManager.ts' file: Error: ENOENT: no such file or directory, open '/Users/nikhil.thorat/Code/mlflow-corey/mlflow/server/js/node_modules/@ag-grid-community/client-side-row-model/src/clientSideRowModel/clientSideNodeManager.ts'
 @ ./node_modules/@ag-grid-community/client-side-row-model/dist/esm/es5/clientSideRowModel/clientSideRowModel.js 28:0-64 69:27-48
 @ ./node_modules/@ag-grid-community/client-side-row-model/dist/esm/es5/clientSideRowModelModule.js 2:0-77 13:16-34
 @ ./node_modules/@ag-grid-community/client-side-row-model/dist/esm/es5/main.js 1:0-70 1:0-70
 @ ./src/common/components/ag-grid/AgGrid.tsx 4:0-84 17:14-38
 @ ./src/experiment-tracking/components/experiment-logged-models/ExperimentLoggedModelListPageTable.tsx 8:0-69 160:22-34
 @ ./src/experiment-tracking/pages/experiment-logged-models/ExperimentLoggedModelListPage.tsx 13:0-130 134:12-46
 @ ./src/experiment-tracking/route-defs.ts 44:46-118
 @ ./src/MlflowRouter.tsx 15:0-98 99:35-65
 @ ./src/app.tsx 21:0-46 50:27-39
 @ ./src/index.tsx 6:0-35 8:21-31

WARNING in ./node_modules/@ag-grid-community/client-side-row-model/dist/esm/es5/clientSideRowModel/clientSideRowModel.js
Module Warning (from ./node_modules/source-map-loader/dist/cjs.js):
Failed to parse source map from '/Users/nikhil.thorat/Code/mlflow-corey/mlflow/server/js/node_modules/@ag-grid-community/client-side-row-model/src/clientSideRowModel/clientSideRowModel.ts' file: Error: ENOENT: no such file or directory, open '/Users/nikhil.thorat/Code/mlflow-corey/mlflow/server/js/node_modules/@ag-grid-community/client-side-row-model/src/clientSideRowModel/clientSideRowModel.ts'
 @ ./node_modules/@ag-grid-community/client-side-row-model/dist/esm/es5/clientSideRowModelModule.js 2:0-77 13:16-34
 @ ./node_modules/@ag-grid-community/client-side-row-model/dist/esm/es5/main.js 1:0-70 1:0-70
 @ ./src/common/components/ag-grid/AgGrid.tsx 4:0-84 17:14-38
 @ ./src/experiment-tracking/components/experiment-logged-models/ExperimentLoggedModelListPageTable.tsx 8:0-69 160:22-34
 @ ./src/experiment-tracking/pages/experiment-logged-models/ExperimentLoggedModelListPage.tsx 13:0-130 134:12-46
 @ ./src/experiment-tracking/route-defs.ts 44:46-118
 @ ./src/MlflowRouter.tsx 15:0-98 99:35-65
 @ ./src/app.tsx 21:0-46 50:27-39
 @ ./src/index.tsx 6:0-35 8:21-31

WARNING in ./node_modules/@ag-grid-community/client-side-row-model/dist/esm/es5/clientSideRowModel/filterService.js
Module Warning (from ./node_modules/source-map-loader/dist/cjs.js):
Failed to parse source map from '/Users/nikhil.thorat/Code/mlflow-corey/mlflow/server/js/node_modules/@ag-grid-community/client-side-row-model/src/clientSideRowModel/filterService.ts' file: Error: ENOENT: no such file or directory, open '/Users/nikhil.thorat/Code/mlflow-corey/mlflow/server/js/node_modules/@ag-grid-community/client-side-row-model/src/clientSideRowModel/filterService.ts'
 @ ./node_modules/@ag-grid-community/client-side-row-model/dist/esm/es5/clientSideRowModelModule.js 7:0-67 11:61-74
 @ ./node_modules/@ag-grid-community/client-side-row-model/dist/esm/es5/main.js 1:0-70 1:0-70
 @ ./src/common/components/ag-grid/AgGrid.tsx 4:0-84 17:14-38
 @ ./src/experiment-tracking/components/experiment-logged-models/ExperimentLoggedModelListPageTable.tsx 8:0-69 160:22-34
 @ ./src/experiment-tracking/pages/experiment-logged-models/ExperimentLoggedModelListPage.tsx 13:0-130 134:12-46
 @ ./src/experiment-tracking/route-defs.ts 44:46-118
 @ ./src/MlflowRouter.tsx 15:0-98 99:35-65
 @ ./src/app.tsx 21:0-46 50:27-39
 @ ./src/index.tsx 6:0-35 8:21-31

WARNING in ./node_modules/@ag-grid-community/client-side-row-model/dist/esm/es5/clientSideRowModel/filterStage.js
Module Warning (from ./node_modules/source-map-loader/dist/cjs.js):
Failed to parse source map from '/Users/nikhil.thorat/Code/mlflow-corey/mlflow/server/js/node_modules/@ag-grid-community/client-side-row-model/src/clientSideRowModel/filterStage.ts' file: Error: ENOENT: no such file or directory, open '/Users/nikhil.thorat/Code/mlflow-corey/mlflow/server/js/node_modules/@ag-grid-community/client-side-row-model/src/clientSideRowModel/filterStage.ts'
 @ ./node_modules/@ag-grid-community/client-side-row-model/dist/esm/es5/clientSideRowModelModule.js 3:0-63 11:10-21
 @ ./node_modules/@ag-grid-community/client-side-row-model/dist/esm/es5/main.js 1:0-70 1:0-70
 @ ./src/common/components/ag-grid/AgGrid.tsx 4:0-84 17:14-38
 @ ./src/experiment-tracking/components/experiment-logged-models/ExperimentLoggedModelListPageTable.tsx 8:0-69 160:22-34
 @ ./src/experiment-tracking/pages/experiment-logged-models/ExperimentLoggedModelListPage.tsx 13:0-130 134:12-46
 @ ./src/experiment-tracking/route-defs.ts 44:46-118
 @ ./src/MlflowRouter.tsx 15:0-98 99:35-65
 @ ./src/app.tsx 21:0-46 50:27-39
 @ ./src/index.tsx 6:0-35 8:21-31

WARNING in ./node_modules/@ag-grid-community/client-side-row-model/dist/esm/es5/clientSideRowModel/flattenStage.js
Module Warning (from ./node_modules/source-map-loader/dist/cjs.js):
Failed to parse source map from '/Users/nikhil.thorat/Code/mlflow-corey/mlflow/server/js/node_modules/@ag-grid-community/client-side-row-model/src/clientSideRowModel/flattenStage.ts' file: Error: ENOENT: no such file or directory, open '/Users/nikhil.thorat/Code/mlflow-corey/mlflow/server/js/node_modules/@ag-grid-community/client-side-row-model/src/clientSideRowModel/flattenStage.ts'
 @ ./node_modules/@ag-grid-community/client-side-row-model/dist/esm/es5/clientSideRowModelModule.js 5:0-65 11:34-46
 @ ./node_modules/@ag-grid-community/client-side-row-model/dist/esm/es5/main.js 1:0-70 1:0-70
 @ ./src/common/components/ag-grid/AgGrid.tsx 4:0-84 17:14-38
 @ ./src/experiment-tracking/components/experiment-logged-models/ExperimentLoggedModelListPageTable.tsx 8:0-69 160:22-34
 @ ./src/experiment-tracking/pages/experiment-logged-models/ExperimentLoggedModelListPage.tsx 13:0-130 134:12-46
 @ ./src/experiment-tracking/route-defs.ts 44:46-118
 @ ./src/MlflowRouter.tsx 15:0-98 99:35-65
 @ ./src/app.tsx 21:0-46 50:27-39
 @ ./src/index.tsx 6:0-35 8:21-31

WARNING in ./node_modules/@ag-grid-community/client-side-row-model/dist/esm/es5/clientSideRowModel/immutableService.js
Module Warning (from ./node_modules/source-map-loader/dist/cjs.js):
Failed to parse source map from '/Users/nikhil.thorat/Code/mlflow-corey/mlflow/server/js/node_modules/@ag-grid-community/client-side-row-model/src/clientSideRowModel/immutableService.ts' file: Error: ENOENT: no such file or directory, open '/Users/nikhil.thorat/Code/mlflow-corey/mlflow/server/js/node_modules/@ag-grid-community/client-side-row-model/src/clientSideRowModel/immutableService.ts'
 @ ./node_modules/@ag-grid-community/client-side-row-model/dist/esm/es5/clientSideRowModelModule.js 8:0-73 11:76-92
 @ ./node_modules/@ag-grid-community/client-side-row-model/dist/esm/es5/main.js 1:0-70 1:0-70
 @ ./src/common/components/ag-grid/AgGrid.tsx 4:0-84 17:14-38
 @ ./src/experiment-tracking/components/experiment-logged-models/ExperimentLoggedModelListPageTable.tsx 8:0-69 160:22-34
 @ ./src/experiment-tracking/pages/experiment-logged-models/ExperimentLoggedModelListPage.tsx 13:0-130 134:12-46
 @ ./src/experiment-tracking/route-defs.ts 44:46-118
 @ ./src/MlflowRouter.tsx 15:0-98 99:35-65
 @ ./src/app.tsx 21:0-46 50:27-39
 @ ./src/index.tsx 6:0-35 8:21-31

WARNING in ./node_modules/@ag-grid-community/client-side-row-model/dist/esm/es5/clientSideRowModel/sortService.js
Module Warning (from ./node_modules/source-map-loader/dist/cjs.js):
Failed to parse source map from '/Users/nikhil.thorat/Code/mlflow-corey/mlflow/server/js/node_modules/@ag-grid-community/client-side-row-model/src/clientSideRowModel/sortService.ts' file: Error: ENOENT: no such file or directory, open '/Users/nikhil.thorat/Code/mlflow-corey/mlflow/server/js/node_modules/@ag-grid-community/client-side-row-model/src/clientSideRowModel/sortService.ts'
 @ ./node_modules/@ag-grid-community/client-side-row-model/dist/esm/es5/clientSideRowModelModule.js 6:0-63 11:48-59
 @ ./node_modules/@ag-grid-community/client-side-row-model/dist/esm/es5/main.js 1:0-70 1:0-70
 @ ./src/common/components/ag-grid/AgGrid.tsx 4:0-84 17:14-38
 @ ./src/experiment-tracking/components/experiment-logged-models/ExperimentLoggedModelListPageTable.tsx 8:0-69 160:22-34
 @ ./src/experiment-tracking/pages/experiment-logged-models/ExperimentLoggedModelListPage.tsx 13:0-130 134:12-46
 @ ./src/experiment-tracking/route-defs.ts 44:46-118
 @ ./src/MlflowRouter.tsx 15:0-98 99:35-65
 @ ./src/app.tsx 21:0-46 50:27-39
 @ ./src/index.tsx 6:0-35 8:21-31

WARNING in ./node_modules/@ag-grid-community/client-side-row-model/dist/esm/es5/clientSideRowModel/sortStage.js
Module Warning (from ./node_modules/source-map-loader/dist/cjs.js):
Failed to parse source map from '/Users/nikhil.thorat/Code/mlflow-corey/mlflow/server/js/node_modules/@ag-grid-community/client-side-row-model/src/clientSideRowModel/sortStage.ts' file: Error: ENOENT: no such file or directory, open '/Users/nikhil.thorat/Code/mlflow-corey/mlflow/server/js/node_modules/@ag-grid-community/client-side-row-model/src/clientSideRowModel/sortStage.ts'
 @ ./node_modules/@ag-grid-community/client-side-row-model/dist/esm/es5/clientSideRowModelModule.js 4:0-59 11:23-32
 @ ./node_modules/@ag-grid-community/client-side-row-model/dist/esm/es5/main.js 1:0-70 1:0-70
 @ ./src/common/components/ag-grid/AgGrid.tsx 4:0-84 17:14-38
 @ ./src/experiment-tracking/components/experiment-logged-models/ExperimentLoggedModelListPageTable.tsx 8:0-69 160:22-34
 @ ./src/experiment-tracking/pages/experiment-logged-models/ExperimentLoggedModelListPage.tsx 13:0-130 134:12-46
 @ ./src/experiment-tracking/route-defs.ts 44:46-118
 @ ./src/MlflowRouter.tsx 15:0-98 99:35-65
 @ ./src/app.tsx 21:0-46 50:27-39
 @ ./src/index.tsx 6:0-35 8:21-31

WARNING in ./node_modules/@ag-grid-community/client-side-row-model/dist/esm/es5/clientSideRowModelModule.js
Module Warning (from ./node_modules/source-map-loader/dist/cjs.js):
Failed to parse source map from '/Users/nikhil.thorat/Code/mlflow-corey/mlflow/server/js/node_modules/@ag-grid-community/client-side-row-model/src/clientSideRowModelModule.ts' file: Error: ENOENT: no such file or directory, open '/Users/nikhil.thorat/Code/mlflow-corey/mlflow/server/js/node_modules/@ag-grid-community/client-side-row-model/src/clientSideRowModelModule.ts'
 @ ./node_modules/@ag-grid-community/client-side-row-model/dist/esm/es5/main.js 1:0-70 1:0-70
 @ ./src/common/components/ag-grid/AgGrid.tsx 4:0-84 17:14-38
 @ ./src/experiment-tracking/components/experiment-logged-models/ExperimentLoggedModelListPageTable.tsx 8:0-69 160:22-34
 @ ./src/experiment-tracking/pages/experiment-logged-models/ExperimentLoggedModelListPage.tsx 13:0-130 134:12-46
 @ ./src/experiment-tracking/route-defs.ts 44:46-118
 @ ./src/MlflowRouter.tsx 15:0-98 99:35-65
 @ ./src/app.tsx 21:0-46 50:27-39
 @ ./src/index.tsx 6:0-35 8:21-31

WARNING in ./node_modules/@ag-grid-community/client-side-row-model/dist/esm/es5/main.js
Module Warning (from ./node_modules/source-map-loader/dist/cjs.js):
Failed to parse source map from '/Users/nikhil.thorat/Code/mlflow-corey/mlflow/server/js/node_modules/@ag-grid-community/client-side-row-model/src/main.ts' file: Error: ENOENT: no such file or directory, open '/Users/nikhil.thorat/Code/mlflow-corey/mlflow/server/js/node_modules/@ag-grid-community/client-side-row-model/src/main.ts'
 @ ./src/common/components/ag-grid/AgGrid.tsx 4:0-84 17:14-38
 @ ./src/experiment-tracking/components/experiment-logged-models/ExperimentLoggedModelListPageTable.tsx 8:0-69 160:22-34
 @ ./src/experiment-tracking/pages/experiment-logged-models/ExperimentLoggedModelListPage.tsx 13:0-130 134:12-46
 @ ./src/experiment-tracking/route-defs.ts 44:46-118
 @ ./src/MlflowRouter.tsx 15:0-98 99:35-65
 @ ./src/app.tsx 21:0-46 50:27-39
 @ ./src/index.tsx 6:0-35 8:21-31

10 warnings have detailed information that is not shown.
Use 'stats.errorDetails: true' resp. '--stats-error-details' to show it.

webpack 5.100.1 compiled with 10 warnings in 4912 ms
Files successfully emitted, waiting for typecheck results...
Issues checking in progress...
ERROR in src/experiment-tracking/components/insights/hooks/useInsightsApi.ts:111:5
TS2353: Object literal may only specify known properties, and 'timezone' does not exist in type 'LatencyRequest'.
    109 |     start_time: timeRangeFilters.startTime ? new Date(timeRangeFilters.startTime).getTime() : null,
    110 |     end_time: timeRangeFilters.endTime ? new Date(timeRangeFilters.endTime).getTime() : null,
  > 111 |     timezone: getUserTimezone(),
        |     ^^^^^^^^
    112 |   };
    113 |
    114 |   return useQuery({

ERROR in src/experiment-tracking/components/insights/hooks/useInsightsApi.ts:137:5
TS2353: Object literal may only specify known properties, and 'timezone' does not exist in type 'ErrorRequest'.
    135 |     start_time: timeRangeFilters.startTime ? new Date(timeRangeFilters.startTime).getTime() : null,
    136 |     end_time: timeRangeFilters.endTime ? new Date(timeRangeFilters.endTime).getTime() : null,
  > 137 |     timezone: getUserTimezone(),
        |     ^^^^^^^^
    138 |   };
    139 |
    140 |   return useQuery({

